{"level":"error","message":"status: 400 - message:  - date: Tue Feb 07 2023 04:43:17 GMT-0800 (Pacific Standard Time)"}
{"level":"error","message":"status: 400 - message: Operation Failed - date: Tue Feb 07 2023 04:44:30 GMT-0800 (Pacific Standard Time)"}
{"level":"error","message":"status: 400 - message: Operation Failed - date: Tue Feb 07 2023 05:02:55 GMT-0800 (Pacific Standard Time)"}
{"level":"error","message":"status: 400 - message: Operation Failed - date: Tue Feb 07 2023 05:03:08 GMT-0800 (Pacific Standard Time)"}
{"level":"error","message":"status: 400 - message: Operation Failed - date: Tue Feb 07 2023 05:04:33 GMT-0800 (Pacific Standard Time)"}
{"level":"error","message":"status: 400 - message: Operation Failed - date: Tue Feb 07 2023 05:06:43 GMT-0800 (Pacific Standard Time)"}
{"level":"error","message":"status: 400 - message: Operation Failed - date: Tue Feb 07 2023 05:15:43 GMT-0800 (Pacific Standard Time)"}
{"level":"error","message":"status: 400 - message: Operation Failed - date: Tue Feb 07 2023 05:21:21 GMT-0800 (Pacific Standard Time)"}
{"level":"error","message":"status: 400 - message: Operation Failed - date: Tue Feb 07 2023 05:24:27 GMT-0800 (Pacific Standard Time)"}
{"level":"error","message":"status: 400 - message: Operation Failed - date: Tue Feb 07 2023 06:06:53 GMT-0800 (Pacific Standard Time)"}
{"level":"error","message":"status: 404 - message: Operation Failed - date: Wed Feb 08 2023 01:16:37 GMT-0800 (Pacific Standard Time)"}
{"level":"error","message":"status: 404 - message: Operation Failed - date: Wed Feb 08 2023 01:18:44 GMT-0800 (Pacific Standard Time)"}
{"level":"error","message":"status: 400 - message: Operation Failed - date: Wed Feb 08 2023 01:18:50 GMT-0800 (Pacific Standard Time)"}
{"level":"error","message":"status: 404 - message: Operation Failed - date: Wed Feb 08 2023 01:32:49 GMT-0800 (Pacific Standard Time)"}
{"level":"error","message":"status: 404 - message: Operation Failed - date: Wed Feb 08 2023 01:34:34 GMT-0800 (Pacific Standard Time)"}
{"level":"error","message":"status: 404 - message: Not enough quantity of product 63e0d29920fb79dd9dc2b028 in the warehouse - date: Wed Feb 08 2023 01:35:30 GMT-0800 (Pacific Standard Time)"}
{"level":"error","message":"status: 404 - message: Not enough quantity of product 63e0d29920fb79dd9dc2b028 in the warehouse - date: Wed Feb 08 2023 01:35:52 GMT-0800 (Pacific Standard Time)"}
{"level":"error","message":"status: 404 - message: Not enough quantity of product 63e0d29920fb79dd9dc2b028 in the warehouse - date: Wed Feb 08 2023 01:36:06 GMT-0800 (Pacific Standard Time)"}
{"level":"error","message":"status: 404 - message: Not enough quantity of product 63e0d29920fb79dd9dc2b028 in the warehouse - date: Wed Feb 08 2023 01:36:52 GMT-0800 (Pacific Standard Time)"}
{"level":"error","message":"status: 400 - message: Cannot read properties of undefined (reading 'quantity') - date: Wed Feb 08 2023 01:37:39 GMT-0800 (Pacific Standard Time)"}
{"level":"error","message":"status: 400 - message: Cannot read properties of undefined (reading 'quantity') - date: Wed Feb 08 2023 01:38:37 GMT-0800 (Pacific Standard Time)"}
{"level":"error","message":"status: 400 - message: Cannot read properties of undefined (reading 'quantity') - date: Wed Feb 08 2023 01:39:21 GMT-0800 (Pacific Standard Time)"}
{"level":"error","message":"status: 400 - message: Cannot read properties of undefined (reading 'quantity') - date: Wed Feb 08 2023 01:39:47 GMT-0800 (Pacific Standard Time)"}
{"level":"error","message":"status: 400 - message: Cannot read properties of undefined (reading 'quantity') - date: Wed Feb 08 2023 01:40:17 GMT-0800 (Pacific Standard Time)"}
{"level":"error","message":"status: 404 - message: Product with ID 63e0d29920fb79dd9dc2b068 not found in the warehouse 63df979d4842d4e83793115a - date: Wed Feb 08 2023 01:41:43 GMT-0800 (Pacific Standard Time)"}
{"level":"error","message":"status: 404 - message: Product with ID 63e0d29920fb79dd9dc2b068 not found in the warehouse 63df979d4842d4e83793115a - date: Wed Feb 08 2023 02:03:40 GMT-0800 (Pacific Standard Time)"}
{"level":"error","message":"status: 404 - message: Not enough quantity of product 63e0d29920fb79dd9dc2b028 in the warehouse - date: Wed Feb 08 2023 02:28:29 GMT-0800 (Pacific Standard Time)"}
{"level":"error","message":"status: 400 - message: The specifications of the origin and destination warehouse cannot be the same - date: Wed Feb 08 2023 02:34:24 GMT-0800 (Pacific Standard Time)"}
{"level":"error","message":"status: 400 - message: The specifications of the origin and destination warehouse cannot be the same - date: Wed Feb 08 2023 02:35:04 GMT-0800 (Pacific Standard Time)"}
{"level":"error","message":"status: 400 - message: The specifications of the origin and destination warehouse cannot be the same - date: Wed Feb 08 2023 02:35:27 GMT-0800 (Pacific Standard Time)"}
{"level":"error","message":"status: 400 - message: Cast to ObjectId failed for value \"6556\" (type string) at path \"_id\" for model \"warehouse\" - date: Wed Feb 08 2023 02:38:57 GMT-0800 (Pacific Standard Time)"}
{"level":"error","message":"status: 400 - message: Invalid request parameters - date: Wed Feb 08 2023 02:39:34 GMT-0800 (Pacific Standard Time)"}
{"level":"error","message":"status: 400 - message: Invalid request parameters - date: Wed Feb 08 2023 02:39:52 GMT-0800 (Pacific Standard Time)"}
{"level":"error","message":"status: 400 - message: Invalid request parameters - date: Wed Feb 08 2023 02:40:02 GMT-0800 (Pacific Standard Time)"}
{"level":"error","message":"status: 400 - message: Invalid request parameters - date: Wed Feb 08 2023 02:43:36 GMT-0800 (Pacific Standard Time)"}
{"level":"error","message":"status: 400 - message: Invalid request parameters - date: Wed Feb 08 2023 02:45:32 GMT-0800 (Pacific Standard Time)"}
{"level":"error","message":"status: 404 - message: Not enough quantity of product 63e0d29920fb79dd9dc2b028 in the warehouse - date: Wed Feb 08 2023 04:23:21 GMT-0800 (Pacific Standard Time)"}
{"level":"error","message":"status: 404 - message: Not enough quantity of product 63e0cf669bdc2c3036b8feb3 in the warehouse - date: Wed Feb 08 2023 04:25:28 GMT-0800 (Pacific Standard Time)"}
